<?xml version="1.0" encoding="UTF-8"?>
<!-- Generated by org.testng.reporters.JUnitXMLReporter -->
<testsuite ignored="0" hostname="DESKTOP-HSEV31H" failures="2" tests="2" name="Test" time="12.895" errors="0" timestamp="2022-12-02T16:28:09 IST">
  <testcase classname="ogg.Tyss_Sdet40.TestPractice" name="test" time="7.574">
    <failure type="java.lang.AssertionError" message="null">
      <![CDATA[java.lang.AssertionError: null
at ogg.Tyss_Sdet40.TestPractice.test(TestPractice.java:30)
at java.base/java.util.ArrayList.forEach(ArrayList.java:1511)
... Removed 29 stack frames]]>
    </failure>
  </testcase> <!-- test -->
  <testcase classname="ogg.Tyss_Sdet40.TestPractice" name="test" time="4.294">
    <failure type="java.lang.AssertionError" message="null">
      <![CDATA[java.lang.AssertionError: null
at ogg.Tyss_Sdet40.TestPractice.test(TestPractice.java:30)
at java.base/java.util.ArrayList.forEach(ArrayList.java:1511)
... Removed 29 stack frames]]>
    </failure>
  </testcase> <!-- test -->
</testsuite> <!-- Test -->
